2025-08-05 21:59:42,420 [Worker-0: Loading available Gradle versions] INFO  o.e.b.c.i.u.g.PublishedGradleVersions - Gradle version information cache is up-to-date. Trying to read.
2025-08-05 22:00:40,766 [Start Help Server] INFO  org.eclipse.jetty.server.Server - jetty-10.0.17; built: 2023-10-09T18:22:21.150Z; git: af15f12297adf5c5083e1f2f8f4c5974438bca25; jvm 17.0.7+8-LTS-224
2025-08-05 22:00:41,048 [Start Help Server] INFO  o.e.j.s.s.DefaultSessionIdManager - Session workerName=node0
2025-08-05 22:00:41,442 [Start Help Server] INFO  o.e.j.server.handler.ContextHandler - Started o.e.j.s.ServletContextHandler@478ea730{/help,null,AVAILABLE}
2025-08-05 22:00:41,753 [Start Help Server] INFO  o.e.jetty.server.AbstractConnector - Started ServerConnector@7c50e568{HTTP/1.1, (http/1.1)}{127.0.0.1:57346}
2025-08-05 22:00:41,787 [Start Help Server] INFO  org.eclipse.jetty.server.Server - Started Server@7b108740{STARTING}[10.0.17,sto=0] @191612ms
2025-08-05 22:02:12,063 [Worker-14: Updating Maven Dependencies] ERROR o.e.m.c.i.URLConnectionCaches - Unexpected URLConnection defaultUseCaches enabled
2025-08-05 22:02:46,343 [Worker-0: Building] ERROR o.e.m.c.i.URLConnectionCaches - Unexpected URLConnection defaultUseCaches enabled
2025-08-05 22:03:02,153 [Worker-0: Building] INFO  o.e.m.c.i.l.LifecycleMappingFactory - Using org.eclipse.m2e.jdt.JarLifecycleMapping lifecycle mapping for MavenProject: com.renteasy:renteasy:0.0.1-SNAPSHOT @ E:\renteasy-fullstack\backend\renteasy-backend\pom.xml.
2025-08-05 22:03:50,837 [Worker-0: Building] ERROR o.e.m.c.i.URLConnectionCaches - Unexpected URLConnection defaultUseCaches enabled
2025-08-05 22:03:55,411 [Worker-0: Building] INFO  o.a.m.s.f.DefaultMavenResourcesFiltering - Copying 1 resource from src\main\resources to target\classes
2025-08-05 22:04:01,271 [Worker-0: Building] INFO  o.a.m.s.f.DefaultMavenResourcesFiltering - Copying 0 resource from src\main\resources to target\classes
2025-08-05 22:04:01,286 [Worker-0: Building] INFO  o.a.m.s.f.DefaultMavenResourcesFiltering - Copying 0 resource from src\test\resources to target\test-classes
2025-08-05 22:04:13,020 [Worker-14: Building] ERROR o.e.m.c.i.URLConnectionCaches - Unexpected URLConnection defaultUseCaches enabled
2025-08-05 22:07:22,590 [main] INFO  o.e.m2e.actions.ExecutePomAction - Creating new launch configuration
2025-08-05 22:07:51,016 [Worker-0: Launching renteasy-backend] INFO  o.eclipse.m2e.core.internal.Bundles - getClasspathEntries(Bundle=org.eclipse.m2e.maven.runtime_3.9.400.20230826-0755 [621])
2025-08-05 22:07:51,047 [Worker-0: Launching renteasy-backend] INFO  o.eclipse.m2e.core.internal.Bundles - 	Entry: C:\Users\TANAJI RATHOD\.p2\pool\plugins\org.eclipse.m2e.maven.runtime_3.9.400.20230826-0755
2025-08-05 22:07:51,098 [Worker-0: Launching renteasy-backend] INFO  o.eclipse.m2e.core.internal.Bundles - 	Entry: C:\Users\TANAJI RATHOD\.p2\pool\plugins\org.eclipse.m2e.maven.runtime_3.9.400.20230826-0755\jars\aether-connector-okhttp-0.17.8.jar
2025-08-05 22:07:51,100 [Worker-0: Launching renteasy-backend] INFO  o.eclipse.m2e.core.internal.Bundles - 	Entry: C:\Users\TANAJI RATHOD\.p2\pool\plugins\org.eclipse.m2e.maven.runtime_3.9.400.20230826-0755\jars\aopalliance-1.0.jar
2025-08-05 22:07:51,103 [Worker-0: Launching renteasy-backend] INFO  o.eclipse.m2e.core.internal.Bundles - 	Entry: C:\Users\TANAJI RATHOD\.p2\pool\plugins\org.eclipse.m2e.maven.runtime_3.9.400.20230826-0755\jars\commons-lang3-3.12.0.jar
2025-08-05 22:07:51,105 [Worker-0: Launching renteasy-backend] INFO  o.eclipse.m2e.core.internal.Bundles - 	Entry: C:\Users\TANAJI RATHOD\.p2\pool\plugins\org.eclipse.m2e.maven.runtime_3.9.400.20230826-0755\jars\guice-5.1.0.jar
2025-08-05 22:07:51,106 [Worker-0: Launching renteasy-backend] INFO  o.eclipse.m2e.core.internal.Bundles - 	Entry: C:\Users\TANAJI RATHOD\.p2\pool\plugins\org.eclipse.m2e.maven.runtime_3.9.400.20230826-0755\jars\jansi-2.4.0.jar
2025-08-05 22:07:51,107 [Worker-0: Launching renteasy-backend] INFO  o.eclipse.m2e.core.internal.Bundles - 	Entry: C:\Users\TANAJI RATHOD\.p2\pool\plugins\org.eclipse.m2e.maven.runtime_3.9.400.20230826-0755\jars\maven-artifact-3.9.4.jar
2025-08-05 22:07:51,109 [Worker-0: Launching renteasy-backend] INFO  o.eclipse.m2e.core.internal.Bundles - 	Entry: C:\Users\TANAJI RATHOD\.p2\pool\plugins\org.eclipse.m2e.maven.runtime_3.9.400.20230826-0755\jars\maven-builder-support-3.9.4.jar
2025-08-05 22:07:51,110 [Worker-0: Launching renteasy-backend] INFO  o.eclipse.m2e.core.internal.Bundles - 	Entry: C:\Users\TANAJI RATHOD\.p2\pool\plugins\org.eclipse.m2e.maven.runtime_3.9.400.20230826-0755\jars\maven-compat-3.9.4.jar
2025-08-05 22:07:51,111 [Worker-0: Launching renteasy-backend] INFO  o.eclipse.m2e.core.internal.Bundles - 	Entry: C:\Users\TANAJI RATHOD\.p2\pool\plugins\org.eclipse.m2e.maven.runtime_3.9.400.20230826-0755\jars\maven-core-3.9.4.jar
2025-08-05 22:07:51,112 [Worker-0: Launching renteasy-backend] INFO  o.eclipse.m2e.core.internal.Bundles - 	Entry: C:\Users\TANAJI RATHOD\.p2\pool\plugins\org.eclipse.m2e.maven.runtime_3.9.400.20230826-0755\jars\maven-embedder-3.9.4.jar
2025-08-05 22:07:51,113 [Worker-0: Launching renteasy-backend] INFO  o.eclipse.m2e.core.internal.Bundles - 	Entry: C:\Users\TANAJI RATHOD\.p2\pool\plugins\org.eclipse.m2e.maven.runtime_3.9.400.20230826-0755\jars\maven-model-3.9.4.jar
2025-08-05 22:07:51,114 [Worker-0: Launching renteasy-backend] INFO  o.eclipse.m2e.core.internal.Bundles - 	Entry: C:\Users\TANAJI RATHOD\.p2\pool\plugins\org.eclipse.m2e.maven.runtime_3.9.400.20230826-0755\jars\maven-model-builder-3.9.4.jar
2025-08-05 22:07:51,115 [Worker-0: Launching renteasy-backend] INFO  o.eclipse.m2e.core.internal.Bundles - 	Entry: C:\Users\TANAJI RATHOD\.p2\pool\plugins\org.eclipse.m2e.maven.runtime_3.9.400.20230826-0755\jars\maven-plugin-api-3.9.4.jar
2025-08-05 22:07:51,116 [Worker-0: Launching renteasy-backend] INFO  o.eclipse.m2e.core.internal.Bundles - 	Entry: C:\Users\TANAJI RATHOD\.p2\pool\plugins\org.eclipse.m2e.maven.runtime_3.9.400.20230826-0755\jars\maven-repository-metadata-3.9.4.jar
2025-08-05 22:07:51,117 [Worker-0: Launching renteasy-backend] INFO  o.eclipse.m2e.core.internal.Bundles - 	Entry: C:\Users\TANAJI RATHOD\.p2\pool\plugins\org.eclipse.m2e.maven.runtime_3.9.400.20230826-0755\jars\maven-resolver-api-1.9.14.jar
2025-08-05 22:07:51,118 [Worker-0: Launching renteasy-backend] INFO  o.eclipse.m2e.core.internal.Bundles - 	Entry: C:\Users\TANAJI RATHOD\.p2\pool\plugins\org.eclipse.m2e.maven.runtime_3.9.400.20230826-0755\jars\maven-resolver-connector-basic-1.9.14.jar
2025-08-05 22:07:51,121 [Worker-0: Launching renteasy-backend] INFO  o.eclipse.m2e.core.internal.Bundles - 	Entry: C:\Users\TANAJI RATHOD\.p2\pool\plugins\org.eclipse.m2e.maven.runtime_3.9.400.20230826-0755\jars\maven-resolver-impl-1.9.14.jar
2025-08-05 22:07:51,121 [Worker-0: Launching renteasy-backend] INFO  o.eclipse.m2e.core.internal.Bundles - 	Entry: C:\Users\TANAJI RATHOD\.p2\pool\plugins\org.eclipse.m2e.maven.runtime_3.9.400.20230826-0755\jars\maven-resolver-named-locks-1.9.14.jar
2025-08-05 22:07:51,122 [Worker-0: Launching renteasy-backend] INFO  o.eclipse.m2e.core.internal.Bundles - 	Entry: C:\Users\TANAJI RATHOD\.p2\pool\plugins\org.eclipse.m2e.maven.runtime_3.9.400.20230826-0755\jars\maven-resolver-provider-3.9.4.jar
2025-08-05 22:07:51,123 [Worker-0: Launching renteasy-backend] INFO  o.eclipse.m2e.core.internal.Bundles - 	Entry: C:\Users\TANAJI RATHOD\.p2\pool\plugins\org.eclipse.m2e.maven.runtime_3.9.400.20230826-0755\jars\maven-resolver-spi-1.9.14.jar
2025-08-05 22:07:51,124 [Worker-0: Launching renteasy-backend] INFO  o.eclipse.m2e.core.internal.Bundles - 	Entry: C:\Users\TANAJI RATHOD\.p2\pool\plugins\org.eclipse.m2e.maven.runtime_3.9.400.20230826-0755\jars\maven-resolver-transport-wagon-1.9.14.jar
2025-08-05 22:07:51,125 [Worker-0: Launching renteasy-backend] INFO  o.eclipse.m2e.core.internal.Bundles - 	Entry: C:\Users\TANAJI RATHOD\.p2\pool\plugins\org.eclipse.m2e.maven.runtime_3.9.400.20230826-0755\jars\maven-resolver-util-1.9.14.jar
2025-08-05 22:07:51,125 [Worker-0: Launching renteasy-backend] INFO  o.eclipse.m2e.core.internal.Bundles - 	Entry: C:\Users\TANAJI RATHOD\.p2\pool\plugins\org.eclipse.m2e.maven.runtime_3.9.400.20230826-0755\jars\maven-settings-3.9.4.jar
2025-08-05 22:07:51,126 [Worker-0: Launching renteasy-backend] INFO  o.eclipse.m2e.core.internal.Bundles - 	Entry: C:\Users\TANAJI RATHOD\.p2\pool\plugins\org.eclipse.m2e.maven.runtime_3.9.400.20230826-0755\jars\maven-settings-builder-3.9.4.jar
2025-08-05 22:07:51,127 [Worker-0: Launching renteasy-backend] INFO  o.eclipse.m2e.core.internal.Bundles - 	Entry: C:\Users\TANAJI RATHOD\.p2\pool\plugins\org.eclipse.m2e.maven.runtime_3.9.400.20230826-0755\jars\maven-shared-utils-3.3.4.jar
2025-08-05 22:07:51,128 [Worker-0: Launching renteasy-backend] INFO  o.eclipse.m2e.core.internal.Bundles - 	Entry: C:\Users\TANAJI RATHOD\.p2\pool\plugins\org.eclipse.m2e.maven.runtime_3.9.400.20230826-0755\jars\okhttp-3.14.1.jar
2025-08-05 22:07:51,129 [Worker-0: Launching renteasy-backend] INFO  o.eclipse.m2e.core.internal.Bundles - 	Entry: C:\Users\TANAJI RATHOD\.p2\pool\plugins\org.eclipse.m2e.maven.runtime_3.9.400.20230826-0755\jars\okio-1.17.3.jar
2025-08-05 22:07:51,130 [Worker-0: Launching renteasy-backend] INFO  o.eclipse.m2e.core.internal.Bundles - 	Entry: C:\Users\TANAJI RATHOD\.p2\pool\plugins\org.eclipse.m2e.maven.runtime_3.9.400.20230826-0755\jars\org.eclipse.sisu.inject-0.3.5.jar
2025-08-05 22:07:51,130 [Worker-0: Launching renteasy-backend] INFO  o.eclipse.m2e.core.internal.Bundles - 	Entry: C:\Users\TANAJI RATHOD\.p2\pool\plugins\org.eclipse.m2e.maven.runtime_3.9.400.20230826-0755\jars\org.eclipse.sisu.plexus-0.3.5.jar
2025-08-05 22:07:51,131 [Worker-0: Launching renteasy-backend] INFO  o.eclipse.m2e.core.internal.Bundles - 	Entry: C:\Users\TANAJI RATHOD\.p2\pool\plugins\org.eclipse.m2e.maven.runtime_3.9.400.20230826-0755\jars\plexus-build-api-0.0.7.jar
2025-08-05 22:07:51,131 [Worker-0: Launching renteasy-backend] INFO  o.eclipse.m2e.core.internal.Bundles - 	Entry: C:\Users\TANAJI RATHOD\.p2\pool\plugins\org.eclipse.m2e.maven.runtime_3.9.400.20230826-0755\jars\plexus-cipher-2.0.jar
2025-08-05 22:07:51,132 [Worker-0: Launching renteasy-backend] INFO  o.eclipse.m2e.core.internal.Bundles - 	Entry: C:\Users\TANAJI RATHOD\.p2\pool\plugins\org.eclipse.m2e.maven.runtime_3.9.400.20230826-0755\jars\plexus-classworlds-2.7.0.jar
2025-08-05 22:07:51,133 [Worker-0: Launching renteasy-backend] INFO  o.eclipse.m2e.core.internal.Bundles - 	Entry: C:\Users\TANAJI RATHOD\.p2\pool\plugins\org.eclipse.m2e.maven.runtime_3.9.400.20230826-0755\jars\plexus-component-annotations-2.1.0.jar
2025-08-05 22:07:51,133 [Worker-0: Launching renteasy-backend] INFO  o.eclipse.m2e.core.internal.Bundles - 	Entry: C:\Users\TANAJI RATHOD\.p2\pool\plugins\org.eclipse.m2e.maven.runtime_3.9.400.20230826-0755\jars\plexus-interpolation-1.26.jar
2025-08-05 22:07:51,134 [Worker-0: Launching renteasy-backend] INFO  o.eclipse.m2e.core.internal.Bundles - 	Entry: C:\Users\TANAJI RATHOD\.p2\pool\plugins\org.eclipse.m2e.maven.runtime_3.9.400.20230826-0755\jars\plexus-sec-dispatcher-2.0.jar
2025-08-05 22:07:51,137 [Worker-0: Launching renteasy-backend] INFO  o.eclipse.m2e.core.internal.Bundles - 	Entry: C:\Users\TANAJI RATHOD\.p2\pool\plugins\org.eclipse.m2e.maven.runtime_3.9.400.20230826-0755\jars\plexus-utils-3.5.1.jar
2025-08-05 22:07:51,138 [Worker-0: Launching renteasy-backend] INFO  o.eclipse.m2e.core.internal.Bundles - 	Entry: C:\Users\TANAJI RATHOD\.p2\pool\plugins\org.eclipse.m2e.maven.runtime_3.9.400.20230826-0755\jars\wagon-file-3.5.3.jar
2025-08-05 22:07:51,138 [Worker-0: Launching renteasy-backend] INFO  o.eclipse.m2e.core.internal.Bundles - 	Entry: C:\Users\TANAJI RATHOD\.p2\pool\plugins\org.eclipse.m2e.maven.runtime_3.9.400.20230826-0755\jars\wagon-provider-api-3.5.3.jar
2025-08-05 22:07:51,143 [Worker-0: Launching renteasy-backend] INFO  o.eclipse.m2e.core.internal.Bundles - getClasspathEntries(Bundle=com.google.guava_32.1.2.jre [12])
2025-08-05 22:07:51,144 [Worker-0: Launching renteasy-backend] INFO  o.eclipse.m2e.core.internal.Bundles - 	Entry: C:\Users\TANAJI RATHOD\.p2\pool\plugins\com.google.guava_32.1.2.jre.jar
2025-08-05 22:07:51,145 [Worker-0: Launching renteasy-backend] INFO  o.eclipse.m2e.core.internal.Bundles - getClasspathEntries(Bundle=slf4j.api_2.0.16 [1178])
2025-08-05 22:07:51,146 [Worker-0: Launching renteasy-backend] INFO  o.eclipse.m2e.core.internal.Bundles - 	Entry: C:\Users\TANAJI RATHOD\.p2\pool\plugins\slf4j.api_2.0.16.jar
2025-08-05 22:07:51,146 [Worker-0: Launching renteasy-backend] INFO  o.eclipse.m2e.core.internal.Bundles - getClasspathEntries(Bundle=javax.inject_1.0.0.v20220405-0441 [38])
2025-08-05 22:07:51,148 [Worker-0: Launching renteasy-backend] INFO  o.eclipse.m2e.core.internal.Bundles - 	Entry: C:\Users\TANAJI RATHOD\.p2\pool\plugins\javax.inject_1.0.0.v20220405-0441.jar
2025-08-05 22:07:51,148 [Worker-0: Launching renteasy-backend] INFO  o.eclipse.m2e.core.internal.Bundles - getClasspathEntries(Bundle=javax.annotation_1.3.5.v20230504-0748 [1025])
2025-08-05 22:07:51,149 [Worker-0: Launching renteasy-backend] INFO  o.eclipse.m2e.core.internal.Bundles - 	Entry: C:\Users\TANAJI RATHOD\.p2\pool\plugins\javax.annotation_1.3.5.v20230504-0748.jar
2025-08-05 22:07:51,149 [Worker-0: Launching renteasy-backend] INFO  o.eclipse.m2e.core.internal.Bundles - getClasspathEntries(Bundle=org.apache.commons.cli_1.9.0 [1030])
2025-08-05 22:07:51,150 [Worker-0: Launching renteasy-backend] INFO  o.eclipse.m2e.core.internal.Bundles - 	Entry: C:\Users\TANAJI RATHOD\.p2\pool\plugins\org.apache.commons.cli_1.9.0.jar
2025-08-05 22:07:51,151 [Worker-0: Launching renteasy-backend] INFO  o.eclipse.m2e.core.internal.Bundles - getClasspathEntries(Bundle=com.google.guava.failureaccess_1.0.2 [1010])
2025-08-05 22:07:51,152 [Worker-0: Launching renteasy-backend] INFO  o.eclipse.m2e.core.internal.Bundles - 	Entry: C:\Users\TANAJI RATHOD\.p2\pool\plugins\com.google.guava.failureaccess_1.0.2.jar
2025-08-05 22:07:51,159 [Worker-0: Launching renteasy-backend] INFO  o.e.m.i.launch.MavenLaunchDelegate - Run build in "E:\renteasy-fullstack\backend\renteasy-backend":
2025-08-05 22:07:51,200 [Worker-0: Launching renteasy-backend] INFO  o.e.m.i.launch.MavenLaunchDelegate -  mvn  -B -Dstyle.color=always clean install
2025-08-05 22:17:44,206 [Stop Help Server] INFO  org.eclipse.jetty.server.Server - Stopped Server@7b108740{STOPPING}[10.0.17,sto=0]
2025-08-05 22:17:44,274 [Stop Help Server] INFO  o.e.jetty.server.AbstractConnector - Stopped ServerConnector@7c50e568{HTTP/1.1, (http/1.1)}{127.0.0.1:0}
2025-08-05 22:17:44,470 [Stop Help Server] INFO  o.e.j.server.handler.ContextHandler - Stopped o.e.j.s.ServletContextHandler@478ea730{/help,null,STOPPED}
2025-08-05 22:24:46,291 [Worker-1: Loading available Gradle versions] INFO  o.e.b.c.i.u.g.PublishedGradleVersions - Gradle version information cache is up-to-date. Trying to read.
